2024-02-05 21:41:20.225  INFO 1292 --- [main] d.h.m.MsclientesApplicationTests         : Starting MsclientesApplicationTests using Java 18.0.2.1 on Hugo with PID 1292 (started by hugof in C:\Projetos\arquitetura-microservices\msclientes)
2024-02-05 21:41:20.230  INFO 1292 --- [main] d.h.m.MsclientesApplicationTests         : No active profile set, falling back to 1 default profile: "default"
2024-02-05 21:41:21.372  INFO 1292 --- [main] .s.d.r.c.RepositoryConfigurationDelegate : Bootstrapping Spring Data JPA repositories in DEFAULT mode.
2024-02-05 21:41:21.513  INFO 1292 --- [main] .s.d.r.c.RepositoryConfigurationDelegate : Finished Spring Data repository scanning in 125 ms. Found 1 JPA repository interfaces.
2024-02-05 21:41:21.830  INFO 1292 --- [main] o.s.cloud.context.scope.GenericScope     : BeanFactory id=f8e53bfa-2bee-3fb6-baf2-fd27168fd841
2024-02-05 21:41:22.421  INFO 1292 --- [main] com.zaxxer.hikari.HikariDataSource       : HikariPool-1 - Starting...
2024-02-05 21:41:22.608  INFO 1292 --- [main] com.zaxxer.hikari.HikariDataSource       : HikariPool-1 - Start completed.
2024-02-05 21:41:22.690  INFO 1292 --- [main] o.hibernate.jpa.internal.util.LogHelper  : HHH000204: Processing PersistenceUnitInfo [name: default]
2024-02-05 21:41:22.833  INFO 1292 --- [main] org.hibernate.Version                    : HHH000412: Hibernate ORM core version 5.6.9.Final
2024-02-05 21:41:23.020  INFO 1292 --- [main] o.hibernate.annotations.common.Version   : HCANN000001: Hibernate Commons Annotations {5.1.2.Final}
2024-02-05 21:41:23.113  INFO 1292 --- [main] org.hibernate.dialect.Dialect            : HHH000400: Using dialect: org.hibernate.dialect.H2Dialect
2024-02-05 21:41:23.533  INFO 1292 --- [main] o.h.e.t.j.p.i.JtaPlatformInitiator       : HHH000490: Using JtaPlatform implementation: [org.hibernate.engine.transaction.jta.platform.internal.NoJtaPlatform]
2024-02-05 21:41:23.540  INFO 1292 --- [main] j.LocalContainerEntityManagerFactoryBean : Initialized JPA EntityManagerFactory for persistence unit 'default'
2024-02-05 21:41:24.556  WARN 1292 --- [main] JpaBaseConfiguration$JpaWebConfiguration : spring.jpa.open-in-view is enabled by default. Therefore, database queries may be performed during view rendering. Explicitly configure spring.jpa.open-in-view to disable this warning
2024-02-05 21:41:26.704  INFO 1292 --- [main] DiscoveryClientOptionalArgsConfiguration : Eureka HTTP Client uses RestTemplate.
2024-02-05 21:41:26.790  WARN 1292 --- [main] iguration$LoadBalancerCaffeineWarnLogger : Spring Cloud LoadBalancer is currently working with the default cache. While this cache implementation is useful for development and tests, it's recommended to use Caffeine cache in production.You can switch to using Caffeine cache, by adding it and org.springframework.cache.caffeine.CaffeineCacheManager to the classpath.
2024-02-05 21:41:26.804  INFO 1292 --- [main] o.s.b.a.e.web.EndpointLinksResolver      : Exposing 17 endpoint(s) beneath base path '/actuator'
2024-02-05 21:41:26.864  INFO 1292 --- [main] d.h.m.MsclientesApplicationTests         : Started MsclientesApplicationTests in 7.027 seconds (JVM running for 7.754)
2024-02-05 21:41:27.138  INFO 1292 --- [SpringApplicationShutdownHook] o.s.c.n.eureka.InstanceInfoFactory       : Setting initial instance status as: STARTING
2024-02-05 21:41:27.139  INFO 1292 --- [SpringApplicationShutdownHook] o.s.c.n.e.s.EurekaServiceRegistry        : Unregistering application MSCLIENTES with eureka with status DOWN
2024-02-05 21:41:27.145  INFO 1292 --- [SpringApplicationShutdownHook] j.LocalContainerEntityManagerFactoryBean : Closing JPA EntityManagerFactory for persistence unit 'default'
2024-02-05 21:41:27.146  INFO 1292 --- [SpringApplicationShutdownHook] .SchemaDropperImpl$DelayedDropActionImpl : HHH000477: Starting delayed evictData of schema as part of SessionFactory shut-down'
2024-02-05 21:41:27.150  INFO 1292 --- [SpringApplicationShutdownHook] com.zaxxer.hikari.HikariDataSource       : HikariPool-1 - Shutdown initiated...
2024-02-05 21:41:27.152  INFO 1292 --- [SpringApplicationShutdownHook] com.zaxxer.hikari.HikariDataSource       : HikariPool-1 - Shutdown completed.
